This is pdfTeX, Version 3.141592653-2.6-1.40.24 (TeX Live 2022) (preloaded format=pdflatex 2022.10.17)  17 DEC 2022 19:03
entering extended mode
 restricted \write18 enabled.
 %&-line parsing enabled.
**report_VanMunoz_Lorenzo.tex
(./report_VanMunoz_Lorenzo.tex
LaTeX2e <2022-06-01> patch level 5
L3 programming layer <2022-09-28> (./siamart220329.cls
Document Class: siamart220329 2022/03/29 v1.4.4 LaTeX document e-class
(/local/opt/texlive/2022/texmf-dist/tex/latex/amsmath/amsmath.sty
Package: amsmath 2022/04/08 v2.17n AMS math features
\@mathmargin=\skip47

For additional information on amsmath, use the `?' option.
(/local/opt/texlive/2022/texmf-dist/tex/latex/amsmath/amstext.sty
Package: amstext 2021/08/26 v2.01 AMS text

(/local/opt/texlive/2022/texmf-dist/tex/latex/amsmath/amsgen.sty
File: amsgen.sty 1999/11/30 v2.0 generic functions
\@emptytoks=\toks16
\ex@=\dimen138
))
(/local/opt/texlive/2022/texmf-dist/tex/latex/amsmath/amsbsy.sty
Package: amsbsy 1999/11/29 v1.2d Bold Symbols
\pmbraise@=\dimen139
)
(/local/opt/texlive/2022/texmf-dist/tex/latex/amsmath/amsopn.sty
Package: amsopn 2022/04/08 v2.04 operator names
)
\inf@bad=\count185
LaTeX Info: Redefining \frac on input line 234.
\uproot@=\count186
\leftroot@=\count187
LaTeX Info: Redefining \overline on input line 399.
LaTeX Info: Redefining \colon on input line 410.
\classnum@=\count188
\DOTSCASE@=\count189
LaTeX Info: Redefining \ldots on input line 496.
LaTeX Info: Redefining \dots on input line 499.
LaTeX Info: Redefining \cdots on input line 620.
\Mathstrutbox@=\box51
\strutbox@=\box52
LaTeX Info: Redefining \big on input line 722.
LaTeX Info: Redefining \Big on input line 723.
LaTeX Info: Redefining \bigg on input line 724.
LaTeX Info: Redefining \Bigg on input line 725.
\big@size=\dimen140
LaTeX Font Info:    Redeclaring font encoding OML on input line 743.
LaTeX Font Info:    Redeclaring font encoding OMS on input line 744.
\macc@depth=\count190
LaTeX Info: Redefining \bmod on input line 905.
LaTeX Info: Redefining \pmod on input line 910.
LaTeX Info: Redefining \smash on input line 940.
LaTeX Info: Redefining \relbar on input line 970.
LaTeX Info: Redefining \Relbar on input line 971.
\c@MaxMatrixCols=\count191
\dotsspace@=\muskip16
\c@parentequation=\count192
\dspbrk@lvl=\count193
\tag@help=\toks17
\row@=\count194
\column@=\count195
\maxfields@=\count196
\andhelp@=\toks18
\eqnshift@=\dimen141
\alignsep@=\dimen142
\tagshift@=\dimen143
\tagwidth@=\dimen144
\totwidth@=\dimen145
\lineht@=\dimen146
\@envbody=\toks19
\multlinegap=\skip48
\multlinetaggap=\skip49
\mathdisplay@stack=\toks20
LaTeX Info: Redefining \[ on input line 2953.
LaTeX Info: Redefining \] on input line 2954.
)
(/local/opt/texlive/2022/texmf-dist/tex/latex/ntheorem/ntheorem.sty
Style `ntheorem', Version 1.33 <2011/08/15>
Package: ntheorem 2011/08/15 1.33
(/local/opt/texlive/2022/texmf-dist/tex/latex/base/ifthen.sty
Package: ifthen 2022/04/13 v1.1d Standard LaTeX ifthen package (DPC)
)
\theorem@style=\toks21
\theorem@@style=\toks22
\theorembodyfont=\toks23
\theoremnumbering=\toks24
\theorempreskipamount=\skip50
\theorempostskipamount=\skip51
\theoremframepreskipamount=\skip52
\theoremframepostskipamount=\skip53
\theoreminframepreskipamount=\skip54
\theoreminframepostskipamount=\skip55
\theorem@preskip=\toks25
\theorem@postskip=\toks26
\theorem@framepreskip=\toks27
\theorem@framepostskip=\toks28
\theorem@inframepreskip=\toks29
\theorem@inframepostskip=\toks30
\theoremindent=\dimen147
\theorem@indent=\dimen148
\theoremrightindent=\dimen149
\theorem@rightindent=\dimen150
\theoremheaderfont=\toks31
\theoremseparator=\toks32
\theoremprework=\toks33
\theorempostwork=\toks34
\theoremsymbol=\toks35
\qedsymbol=\toks36
\theoremkeyword=\toks37
\qedsymbol=\toks38
\thm@topsep=\skip56
\thm@topsepadd=\skip57
Package ntheorem Info: Option `thmmarks' loaded on input line 1175.
\c@endNonectr=\count197
\c@currNonectr=\count198
\mysavskip=\skip58
Package ntheorem Info: option `amsmath' handling for `thmmarks' loaded on input
 line 1175.
\thm@amstmpdepth=\dimen151
\tagwidth=\dimen152
)
\fromfoliotocopyright=\skip59
\c@section=\count199
\c@subsection=\count266
\c@subsubsection=\count267
\c@paragraph=\count268
\c@subparagraph=\count269
\c@rmnum=\count270
\c@muni=\count271
\@sectionspace=\skip60
\@negsectionspace=\skip61
\c@figure=\count272
\c@table=\count273
\abovecaptionskip=\skip62
\belowcaptionskip=\skip63
\bibindent=\dimen153

(/local/opt/texlive/2022/texmf-dist/tex/latex/hyperref/xr-hyper.sty
Package: xr-hyper 2022-09-22 v7.00t eXternal References (DPC)
)
(/local/opt/texlive/2022/texmf-dist/tex/generic/iftex/ifpdf.sty
Package: ifpdf 2019/10/25 v3.4 ifpdf legacy package. Use iftex instead.

(/local/opt/texlive/2022/texmf-dist/tex/generic/iftex/iftex.sty
Package: iftex 2022/02/03 v1.0f TeX engine tests
))
(/local/opt/texlive/2022/texmf-dist/tex/latex/hyperref/hyperref.sty
Package: hyperref 2022-09-22 v7.00t Hypertext links for LaTeX

(/local/opt/texlive/2022/texmf-dist/tex/generic/ltxcmds/ltxcmds.sty
Package: ltxcmds 2020-05-10 v1.25 LaTeX kernel commands for general use (HO)
)
(/local/opt/texlive/2022/texmf-dist/tex/generic/pdftexcmds/pdftexcmds.sty
Package: pdftexcmds 2020-06-27 v0.33 Utility functions of pdfTeX for LuaTeX (HO
)

(/local/opt/texlive/2022/texmf-dist/tex/generic/infwarerr/infwarerr.sty
Package: infwarerr 2019/12/03 v1.5 Providing info/warning/error messages (HO)
)
Package pdftexcmds Info: \pdf@primitive is available.
Package pdftexcmds Info: \pdf@ifprimitive is available.
Package pdftexcmds Info: \pdfdraftmode found.
)
(/local/opt/texlive/2022/texmf-dist/tex/latex/graphics/keyval.sty
Package: keyval 2022/05/29 v1.15 key=value parser (DPC)
\KV@toks@=\toks39
)
(/local/opt/texlive/2022/texmf-dist/tex/latex/kvsetkeys/kvsetkeys.sty
Package: kvsetkeys 2022-10-05 v1.19 Key value parser (HO)
)
(/local/opt/texlive/2022/texmf-dist/tex/generic/kvdefinekeys/kvdefinekeys.sty
Package: kvdefinekeys 2019-12-19 v1.6 Define keys (HO)
)
(/local/opt/texlive/2022/texmf-dist/tex/generic/pdfescape/pdfescape.sty
Package: pdfescape 2019/12/09 v1.15 Implements pdfTeX's escape features (HO)
)
(/local/opt/texlive/2022/texmf-dist/tex/latex/hycolor/hycolor.sty
Package: hycolor 2020-01-27 v1.10 Color options for hyperref/bookmark (HO)
)
(/local/opt/texlive/2022/texmf-dist/tex/latex/letltxmacro/letltxmacro.sty
Package: letltxmacro 2019/12/03 v1.6 Let assignment for LaTeX macros (HO)
)
(/local/opt/texlive/2022/texmf-dist/tex/latex/auxhook/auxhook.sty
Package: auxhook 2019-12-17 v1.6 Hooks for auxiliary files (HO)
)
(/local/opt/texlive/2022/texmf-dist/tex/latex/hyperref/nameref.sty
Package: nameref 2022-05-17 v2.50 Cross-referencing by name of section

(/local/opt/texlive/2022/texmf-dist/tex/latex/refcount/refcount.sty
Package: refcount 2019/12/15 v3.6 Data extraction from label references (HO)
)
(/local/opt/texlive/2022/texmf-dist/tex/generic/gettitlestring/gettitlestring.s
ty
Package: gettitlestring 2019/12/15 v1.6 Cleanup title references (HO)
 (/local/opt/texlive/2022/texmf-dist/tex/latex/kvoptions/kvoptions.sty
Package: kvoptions 2022-06-15 v3.15 Key value format for package options (HO)
))
\c@section@level=\count274
)
\@linkdim=\dimen154
\Hy@linkcounter=\count275
\Hy@pagecounter=\count276

(/local/opt/texlive/2022/texmf-dist/tex/latex/hyperref/pd1enc.def
File: pd1enc.def 2022-09-22 v7.00t Hyperref: PDFDocEncoding definition (HO)
Now handling font encoding PD1 ...
... no UTF-8 mapping file for font encoding PD1
)
(/local/opt/texlive/2022/texmf-dist/tex/generic/intcalc/intcalc.sty
Package: intcalc 2019/12/15 v1.3 Expandable calculations with integers (HO)
)
(/local/opt/texlive/2022/texmf-dist/tex/generic/etexcmds/etexcmds.sty
Package: etexcmds 2019/12/15 v1.7 Avoid name clashes with e-TeX commands (HO)
)
\Hy@SavedSpaceFactor=\count277

(/local/opt/texlive/2022/texmf-dist/tex/latex/hyperref/puenc.def
File: puenc.def 2022-09-22 v7.00t Hyperref: PDF Unicode definition (HO)
Now handling font encoding PU ...
... no UTF-8 mapping file for font encoding PU
)
Package hyperref Info: Hyper figures OFF on input line 4162.
Package hyperref Info: Link nesting OFF on input line 4167.
Package hyperref Info: Hyper index ON on input line 4170.
Package hyperref Info: Plain pages OFF on input line 4177.
Package hyperref Info: Backreferencing OFF on input line 4182.
Package hyperref Info: Implicit mode ON; LaTeX internals redefined.
\stockwidth=\dimen155
\stockheight=\dimen156
Package hyperref Info: Bookmarks ON on input line 4410.
\c@Hy@tempcnt=\count278

(/local/opt/texlive/2022/texmf-dist/tex/latex/url/url.sty
\Urlmuskip=\muskip17
Package: url 2013/09/16  ver 3.4  Verb mode for urls, etc.
)
LaTeX Info: Redefining \url on input line 4748.
\XeTeXLinkMargin=\dimen157

(/local/opt/texlive/2022/texmf-dist/tex/generic/bitset/bitset.sty
Package: bitset 2019/12/09 v1.3 Handle bit-vector datatype (HO)

(/local/opt/texlive/2022/texmf-dist/tex/generic/bigintcalc/bigintcalc.sty
Package: bigintcalc 2019/12/15 v1.5 Expandable calculations on big integers (HO
)
))
\Fld@menulength=\count279
\Field@Width=\dimen158
\Fld@charsize=\dimen159
Package hyperref Info: Hyper figures OFF on input line 6027.
Package hyperref Info: Link nesting OFF on input line 6032.
Package hyperref Info: Hyper index ON on input line 6035.
Package hyperref Info: backreferencing OFF on input line 6042.
Package hyperref Info: Link coloring OFF on input line 6047.
Package hyperref Info: Link coloring with OCG OFF on input line 6052.
Package hyperref Info: PDF/A mode OFF on input line 6057.

(/local/opt/texlive/2022/texmf-dist/tex/latex/base/atbegshi-ltx.sty
Package: atbegshi-ltx 2021/01/10 v1.0c Emulation of the original atbegshi
package with kernel methods
)
\Hy@abspage=\count280
\c@Item=\count281
\c@Hfootnote=\count282
)
Package hyperref Info: Driver (autodetected): hpdftex.

(/local/opt/texlive/2022/texmf-dist/tex/latex/hyperref/hpdftex.def
File: hpdftex.def 2022-09-22 v7.00t Hyperref driver for pdfTeX

(/local/opt/texlive/2022/texmf-dist/tex/latex/base/atveryend-ltx.sty
Package: atveryend-ltx 2020/08/19 v1.0a Emulation of the original atveryend pac
kage
with kernel methods
)
\Fld@listcount=\count283
\c@bookmark@seq@number=\count284

(/local/opt/texlive/2022/texmf-dist/tex/latex/rerunfilecheck/rerunfilecheck.sty
Package: rerunfilecheck 2022-07-10 v1.10 Rerun checks for auxiliary files (HO)

(/local/opt/texlive/2022/texmf-dist/tex/generic/uniquecounter/uniquecounter.sty
Package: uniquecounter 2019/12/15 v1.4 Provide unlimited unique counter (HO)
)
Package uniquecounter Info: New unique counter `rerunfilecheck' on input line 2
85.
)
\Hy@SectionHShift=\skip64
)
Package hyperref Info: Option `colorlinks' set `false' on input line 1294.
Package hyperref Info: Option `frenchlinks' set `false' on input line 1294.
Package hyperref Info: Option `naturalnames' set `false' on input line 1294.
Package hyperref Info: Option `hypertexnames' set `false' on input line 1294.
Package hyperref Info: Option `breaklinks' set `true' on input line 1294.
 (/local/opt/texlive/2022/texmf-dist/tex/latex/graphics/graphics.sty
Package: graphics 2022/03/10 v1.4e Standard LaTeX Graphics (DPC,SPQR)

(/local/opt/texlive/2022/texmf-dist/tex/latex/graphics/trig.sty
Package: trig 2021/08/11 v1.11 sin cos tan (DPC)
)
(/local/opt/texlive/2022/texmf-dist/tex/latex/graphics-cfg/graphics.cfg
File: graphics.cfg 2016/06/04 v1.11 sample graphics configuration
)
Package graphics Info: Driver file: pdftex.def on input line 107.

(/local/opt/texlive/2022/texmf-dist/tex/latex/graphics-def/pdftex.def
File: pdftex.def 2022/09/22 v1.2b Graphics/color driver for pdftex
))
(/local/opt/texlive/2022/texmf-dist/tex/latex/graphics/graphicx.sty
Package: graphicx 2021/09/16 v1.2d Enhanced LaTeX Graphics (DPC,SPQR)
\Gin@req@height=\dimen160
\Gin@req@width=\dimen161
)
(/local/opt/texlive/2022/texmf-dist/tex/latex/epstopdf-pkg/epstopdf.sty
Package: epstopdf 2020-01-24 v2.11 Conversion with epstopdf on the fly (HO)

(/local/opt/texlive/2022/texmf-dist/tex/latex/grfext/grfext.sty
Package: grfext 2019/12/03 v1.3 Manage graphics extensions (HO)
)
(/local/opt/texlive/2022/texmf-dist/tex/latex/epstopdf-pkg/epstopdf-base.sty
Package: epstopdf-base 2020-01-24 v2.11 Base part for package epstopdf
Package epstopdf-base Info: Redefining graphics rule for `.eps' on input line 4
85.
Package grfext Info: Graphics extension search list:
(grfext)             [.pdf,.png,.jpg,.mps,.jpeg,.jbig2,.jb2,.PDF,.PNG,.JPG,.JPE
G,.JBIG2,.JB2,.eps]
(grfext)             \AppendGraphicsExtensions on input line 504.

(/local/opt/texlive/2022/texmf-dist/tex/latex/latexconfig/epstopdf-sys.cfg
File: epstopdf-sys.cfg 2010/07/13 v1.3 Configuration of (r)epstopdf for TeX Liv
e
)))
(/local/opt/texlive/2022/texmf-dist/tex/latex/xcolor/xcolor.sty
Package: xcolor 2022/06/12 v2.14 LaTeX color extensions (UK)

(/local/opt/texlive/2022/texmf-dist/tex/latex/graphics-cfg/color.cfg
File: color.cfg 2016/01/02 v1.6 sample color configuration
)
Package xcolor Info: Driver file: pdftex.def on input line 227.

(/local/opt/texlive/2022/texmf-dist/tex/latex/graphics/mathcolor.ltx)
Package xcolor Info: Model `cmy' substituted by `cmy0' on input line 1353.
Package xcolor Info: Model `hsb' substituted by `rgb' on input line 1357.
Package xcolor Info: Model `RGB' extended on input line 1369.
Package xcolor Info: Model `HTML' substituted by `rgb' on input line 1371.
Package xcolor Info: Model `Hsb' substituted by `hsb' on input line 1372.
Package xcolor Info: Model `tHsb' substituted by `hsb' on input line 1373.
Package xcolor Info: Model `HSB' substituted by `hsb' on input line 1374.
Package xcolor Info: Model `Gray' substituted by `gray' on input line 1375.
Package xcolor Info: Model `wave' substituted by `hsb' on input line 1376.
)
(/local/opt/texlive/2022/texmf-dist/tex/latex/oberdiek/hypcap.sty
Package: hypcap 2016/05/16 v1.12 Adjusting the anchors of captions (HO)
)
(/local/opt/texlive/2022/texmf-dist/tex/latex/algorithms/algorithm.sty
Package: algorithm 2009/08/24 v0.1 Document Style `algorithm' - floating enviro
nment

(/local/opt/texlive/2022/texmf-dist/tex/latex/float/float.sty
Package: float 2001/11/08 v1.3d Float enhancements (AL)
\c@float@type=\count285
\float@exts=\toks40
\float@box=\box53
\@float@everytoks=\toks41
\@floatcapt=\box54
)
\@float@every@algorithm=\toks42
\c@algorithm=\count286
)
(/local/opt/texlive/2022/texmf-dist/tex/latex/cleveref/cleveref.sty
Package: cleveref 2018/03/27 v0.21.4 Intelligent cross-referencing
Package cleveref Info: `hyperref' support loaded on input line 2370.
LaTeX Info: Redefining \cref on input line 2370.
LaTeX Info: Redefining \Cref on input line 2370.
LaTeX Info: Redefining \crefrange on input line 2370.
LaTeX Info: Redefining \Crefrange on input line 2370.
LaTeX Info: Redefining \cpageref on input line 2370.
LaTeX Info: Redefining \Cpageref on input line 2370.
LaTeX Info: Redefining \cpagerefrange on input line 2370.
LaTeX Info: Redefining \Cpagerefrange on input line 2370.
LaTeX Info: Redefining \labelcref on input line 2370.
LaTeX Info: Redefining \labelcpageref on input line 2370.
Package cleveref Info: `ntheorem' support loaded on input line 3055.
Package cleveref Info: always capitalise cross-reference names on input line 78
30.
Package cleveref Info: include cross-reference names in hyperlinks on input lin
e 7836.
Package cleveref Info: always capitalise cross-reference names on input line 78
52.
Package cleveref Info: include cross-reference names in hyperlinks on input lin
e 7852.
)
\c@currproofctr=\count287
\c@endproofctr=\count288
\c@proof=\count289
\c@currtheoremctr=\count290
\c@endtheoremctr=\count291
\c@theorem=\count292
\c@currlemmactr=\count293
\c@endlemmactr=\count294
\c@currcorollaryctr=\count295
\c@endcorollaryctr=\count296
\c@currpropositionctr=\count297
\c@endpropositionctr=\count298
\c@currdefinitionctr=\count299
\c@enddefinitionctr=\count300
)
(./report_shared.tex
(/local/opt/texlive/2022/texmf-dist/tex/latex/lipsum/lipsum.sty
(/local/opt/texlive/2022/texmf-dist/tex/latex/l3packages/l3keys2e/l3keys2e.sty
(/local/opt/texlive/2022/texmf-dist/tex/latex/l3kernel/expl3.sty
Package: expl3 2022-09-28 L3 programming layer (loader) 

(/local/opt/texlive/2022/texmf-dist/tex/latex/l3backend/l3backend-pdftex.def
File: l3backend-pdftex.def 2022-09-28 L3 backend support: PDF output (pdfTeX)
\l__color_backend_stack_int=\count301
\l__pdf_internal_box=\box55
))
Package: l3keys2e 2022-06-22 LaTeX2e option processing using LaTeX3 keys
)
Package: lipsum 2021-09-20 v2.7 150 paragraphs of Lorem Ipsum dummy text
\g__lipsum_par_int=\count302
\l__lipsum_a_int=\count303
\l__lipsum_b_int=\count304
(/local/opt/texlive/2022/texmf-dist/tex/latex/lipsum/lipsum.ltd.tex))
(/local/opt/texlive/2022/texmf-dist/tex/latex/amsfonts/amsfonts.sty
Package: amsfonts 2013/01/14 v3.01 Basic AMSFonts support
\symAMSa=\mathgroup4
\symAMSb=\mathgroup5
LaTeX Font Info:    Redeclaring math symbol \hbar on input line 98.
LaTeX Font Info:    Overwriting math alphabet `\mathfrak' in version `bold'
(Font)                  U/euf/m/n --> U/euf/b/n on input line 106.
)
(/local/opt/texlive/2022/texmf-dist/tex/latex/algorithms/algorithmic.sty
Package: algorithmic 2009/08/24 v0.1 Document Style `algorithmic'
\c@ALC@unique=\count305
\c@ALC@line=\count306
\c@ALC@rem=\count307
\c@ALC@depth=\count308
\ALC@tlm=\skip65
\algorithmicindent=\skip66
)
(/local/opt/texlive/2022/texmf-dist/tex/latex/physics/physics.sty
Package: physics 

(/local/opt/texlive/2022/texmf-dist/tex/latex/l3packages/xparse/xparse.sty
Package: xparse 2022-06-22 L3 Experimental document command parser
))
(/local/opt/texlive/2022/texmf-dist/tex/latex/tools/bm.sty
Package: bm 2022/01/05 v1.2f Bold Symbol Support (DPC/FMi)
\symboldoperators=\mathgroup6
\symboldletters=\mathgroup7
\symboldsymbols=\mathgroup8
Package bm Info: No bold for \OMX/cmex/m/n, using \pmb.
Package bm Info: No bold for \U/msa/m/n, using \pmb.
Package bm Info: No bold for \U/msb/m/n, using \pmb.
LaTeX Font Info:    Redeclaring math alphabet \mathbf on input line 149.
)
\c@currremarkctr=\count309
\c@endremarkctr=\count310
\c@currhypothesisctr=\count311
\c@endhypothesisctr=\count312
\c@currclaimctr=\count313
\c@endclaimctr=\count314
)
(./report_VanMunoz_Lorenzo.aux)
\openout1 = `report_VanMunoz_Lorenzo.aux'.

LaTeX Font Info:    Checking defaults for OML/cmm/m/it on input line 37.
LaTeX Font Info:    ... okay on input line 37.
LaTeX Font Info:    Checking defaults for OMS/cmsy/m/n on input line 37.
LaTeX Font Info:    ... okay on input line 37.
LaTeX Font Info:    Checking defaults for OT1/cmr/m/n on input line 37.
LaTeX Font Info:    ... okay on input line 37.
LaTeX Font Info:    Checking defaults for T1/cmr/m/n on input line 37.
LaTeX Font Info:    ... okay on input line 37.
LaTeX Font Info:    Checking defaults for TS1/cmr/m/n on input line 37.
LaTeX Font Info:    ... okay on input line 37.
LaTeX Font Info:    Checking defaults for OMX/cmex/m/n on input line 37.
LaTeX Font Info:    ... okay on input line 37.
LaTeX Font Info:    Checking defaults for U/cmr/m/n on input line 37.
LaTeX Font Info:    ... okay on input line 37.
LaTeX Font Info:    Checking defaults for PD1/pdf/m/n on input line 37.
LaTeX Font Info:    ... okay on input line 37.
LaTeX Font Info:    Checking defaults for PU/pdf/m/n on input line 37.
LaTeX Font Info:    ... okay on input line 37.
Package hyperref Info: Link coloring OFF on input line 37.
 (./report_VanMunoz_Lorenzo.out)
(./report_VanMunoz_Lorenzo.out)
\@outlinefile=\write3
\openout3 = `report_VanMunoz_Lorenzo.out'.


(/local/opt/texlive/2022/texmf-dist/tex/context/base/mkii/supp-pdf.mkii
[Loading MPS to PDF converter (version 2006.09.02).]
\scratchcounter=\count315
\scratchdimen=\dimen162
\scratchbox=\box56
\nofMPsegments=\count316
\nofMParguments=\count317
\everyMPshowfont=\toks43
\MPscratchCnt=\count318
\MPscratchDim=\dimen163
\MPnumerator=\count319
\makeMPintoPDFobject=\count320
\everyMPtoPDFconversion=\toks44
)
LaTeX Font Info:    Trying to load font information for U+msa on input line 40.

 (/local/opt/texlive/2022/texmf-dist/tex/latex/amsfonts/umsa.fd
File: umsa.fd 2013/01/14 v3.01 AMS symbols A
)
LaTeX Font Info:    Trying to load font information for U+msb on input line 40.


(/local/opt/texlive/2022/texmf-dist/tex/latex/amsfonts/umsb.fd
File: umsb.fd 2013/01/14 v3.01 AMS symbols B
) [1

{/local/opt/texlive/2022/texmf-var/fonts/map/pdftex/updmap/pdftex.map}]
Overfull \hbox (1.1291pt too wide) detected at line 144
[]|
 []

[2]
Overfull \hbox (10.55235pt too wide) in paragraph at lines 157--161
[]\OT1/cmr/m/n/10 Note that the quasi-periodic Green's func-tion is ill-defined
 at points where $(\OML/cmm/m/it/10 k [][][] \OT1/cmr/m/n/10 +|
 []


Overfull \hbox (1.60869pt too wide) in paragraph at lines 190--201
 \OT1/cmr/bx/n/10 3. Spec-trally ac-cu-rate quad-ra-ture for closed bound-aries
.[][] \OT1/cmr/m/n/10 The Kress quad-|
 []


Overfull \hbox (0.76024pt too wide) detected at line 214
[]|
 []

[3]
Overfull \hbox (6.2488pt too wide) in paragraph at lines 246--257
 \OT1/cmr/bx/n/10 4. Fast it-er-a-tive solver.[][] \OT1/cmr/m/n/10 To con-vert 
the pre-ced-ing quad-ra-ture into a fast method,|
 []

[4]
<true_sol.png, id=152, 229.85875pt x 231.86626pt>
File: true_sol.png Graphic file (type png)
<use true_sol.png>
Package pdftex.def Info: true_sol.png  used on input line 304.
(pdftex.def)             Requested size: 98.72508pt x 99.58464pt.
<params.png, id=154, 602.25pt x 401.5pt>
File: params.png Graphic file (type png)
<use params.png>
Package pdftex.def Info: params.png  used on input line 306.
(pdftex.def)             Requested size: 149.37666pt x 99.58464pt.
<densities.png, id=157, 602.25pt x 401.5pt>
File: densities.png Graphic file (type png)
<use densities.png>
Package pdftex.def Info: densities.png  used on input line 321.
(pdftex.def)             Requested size: 149.37666pt x 99.58464pt.
<fields.png, id=158, 602.25pt x 401.5pt>
File: fields.png Graphic file (type png)
<use fields.png>
Package pdftex.def Info: fields.png  used on input line 322.
(pdftex.def)             Requested size: 149.37666pt x 99.58464pt.
 [5 <./true_sol.png> <./params.png>]
<densities_conv_direct.png, id=175, 602.25pt x 401.5pt>
File: densities_conv_direct.png Graphic file (type png)
<use densities_conv_direct.png>
Package pdftex.def Info: densities_conv_direct.png  used on input line 346.
(pdftex.def)             Requested size: 149.37666pt x 99.58464pt.
<fields_conv_direct.png, id=176, 602.25pt x 401.5pt>
File: fields_conv_direct.png Graphic file (type png)
<use fields_conv_direct.png>
Package pdftex.def Info: fields_conv_direct.png  used on input line 347.
(pdftex.def)             Requested size: 149.37666pt x 99.58464pt.
<scaling.png, id=178, 602.25pt x 401.5pt>
File: scaling.png Graphic file (type png)
<use scaling.png>
Package pdftex.def Info: scaling.png  used on input line 370.
(pdftex.def)             Requested size: 149.37666pt x 99.58464pt.
 [6 <./densities.png> <./fields.png> <./densities_conv_direct.png> <./fields_co
nv_direct.png>]
(./report_VanMunoz_Lorenzo.bbl [7 <./scaling.png>])
\tf@thm=\write4
\openout4 = `report_VanMunoz_Lorenzo.thm'.

 [8]
(./report_VanMunoz_Lorenzo.aux)
Package rerunfilecheck Info: File `report_VanMunoz_Lorenzo.out' has not changed
.
(rerunfilecheck)             Checksum: 0BE78E2CC722DB500B4AEA0188A63E00;2858.
 ) 
Here is how much of TeX's memory you used:
 15084 strings out of 475071
 241410 string characters out of 5778909
 676789 words of memory out of 5000000
 34644 multiletter control sequences out of 15000+600000
 479317 words of font info for 65 fonts, out of 8000000 for 9000
 2715 hyphenation exceptions out of 8191
 86i,19n,91p,869b,579s stack positions out of 10000i,1000n,20000p,200000b,200000s
</local/opt/texlive/2022/texmf-dist/fonts/type1/public/amsfonts/cm/cmbsy10.pf
b></local/opt/texlive/2022/texmf-dist/fonts/type1/public/amsfonts/cm/cmbx10.pfb
></local/opt/texlive/2022/texmf-dist/fonts/type1/public/amsfonts/cm/cmcsc10.pfb
></local/opt/texlive/2022/texmf-dist/fonts/type1/public/amsfonts/cm/cmex10.pfb>
</local/opt/texlive/2022/texmf-dist/fonts/type1/public/amsfonts/cm/cmmi10.pfb><
/local/opt/texlive/2022/texmf-dist/fonts/type1/public/amsfonts/cm/cmmi6.pfb></l
ocal/opt/texlive/2022/texmf-dist/fonts/type1/public/amsfonts/cm/cmmi7.pfb></loc
al/opt/texlive/2022/texmf-dist/fonts/type1/public/amsfonts/cm/cmmi8.pfb></local
/opt/texlive/2022/texmf-dist/fonts/type1/public/amsfonts/cm/cmmib10.pfb></local
/opt/texlive/2022/texmf-dist/fonts/type1/public/amsfonts/cmextra/cmmib7.pfb></l
ocal/opt/texlive/2022/texmf-dist/fonts/type1/public/amsfonts/cm/cmr10.pfb></loc
al/opt/texlive/2022/texmf-dist/fonts/type1/public/amsfonts/cm/cmr6.pfb></local/
opt/texlive/2022/texmf-dist/fonts/type1/public/amsfonts/cm/cmr7.pfb></local/opt
/texlive/2022/texmf-dist/fonts/type1/public/amsfonts/cm/cmr8.pfb></local/opt/te
xlive/2022/texmf-dist/fonts/type1/public/amsfonts/cm/cmsy10.pfb></local/opt/tex
live/2022/texmf-dist/fonts/type1/public/amsfonts/cm/cmsy5.pfb></local/opt/texli
ve/2022/texmf-dist/fonts/type1/public/amsfonts/cm/cmsy6.pfb></local/opt/texlive
/2022/texmf-dist/fonts/type1/public/amsfonts/cm/cmsy7.pfb></local/opt/texlive/2
022/texmf-dist/fonts/type1/public/amsfonts/cm/cmsy8.pfb></local/opt/texlive/202
2/texmf-dist/fonts/type1/public/amsfonts/cm/cmti8.pfb>
Output written on report_VanMunoz_Lorenzo.pdf (8 pages, 593308 bytes).
PDF statistics:
 315 PDF objects out of 1000 (max. 8388607)
 253 compressed objects within 3 object streams
 69 named destinations out of 1000 (max. 500000)
 180 words of extra memory for PDF output out of 10000 (max. 10000000)

